<?xml version="1.0" encoding="UTF-8"?>
<!-- Generated by org.testng.reporters.JUnitReportReporter -->
<testsuite skipped="0" hostname="NODE1099" name="com.firstTestNG.tests.SampleLoginTest" tests="1" failures="0" timestamp="14 Jul 2019 13:46:18 GMT" time="17.591" errors="0">
  <testcase name="launchTest" time="17.591" classname="com.firstTestNG.tests.SampleLoginTest"/>
</testsuite> <!-- com.firstTestNG.tests.SampleLoginTest -->
